\BOOKMARK [0][-]{sumario.0}{Sum\341rio}{}% 1
\BOOKMARK [0][-]{listadefiguras.0}{Lista de figuras}{}% 2
\BOOKMARK [0][-]{listadetabelas.0}{Lista de tabelas}{}% 3
\BOOKMARK [0][-]{chapter.1}{Introdu\347\343o}{}% 4
\BOOKMARK [1][-]{section.1.1}{Descri\347\343o do Problema}{chapter.1}% 5
\BOOKMARK [2][-]{subsection.1.1.1}{O Deficiente Visual e as Tecnologias Assistivas}{section.1.1}% 6
\BOOKMARK [2][-]{subsection.1.1.2}{O Deficiente Visual e a Tipografia}{section.1.1}% 7
\BOOKMARK [1][-]{section.1.2}{Proposta de Projeto}{chapter.1}% 8
\BOOKMARK [1][-]{section.1.3}{Estrutura do Trabalho}{chapter.1}% 9
\BOOKMARK [0][-]{chapter.2}{Sobre Tipografia}{}% 10
\BOOKMARK [1][-]{section.2.1}{Conceitos Gerais}{chapter.2}% 11
\BOOKMARK [1][-]{section.2.2}{Classifica\347\343o Tipogr\341fica}{chapter.2}% 12
\BOOKMARK [1][-]{section.2.3}{Aplica\347\365es}{chapter.2}% 13
\BOOKMARK [0][-]{chapter.3}{Reconhecimento de Padr\365es e Aprendizado de M\341quina}{}% 14
\BOOKMARK [1][-]{section.3.1}{Conceitos Gerais}{chapter.3}% 15
\BOOKMARK [1][-]{section.3.2}{Extra\347\343o de Atributos}{chapter.3}% 16
\BOOKMARK [2][-]{subsection.3.2.1}{Padr\343o Bin\341rio Local \(LBP\)}{section.3.2}% 17
\BOOKMARK [1][-]{section.3.3}{Classificadores}{chapter.3}% 18
\BOOKMARK [2][-]{subsection.3.3.1}{M\341quina de Vetor de Suporte}{section.3.3}% 19
\BOOKMARK [2][-]{subsection.3.3.2}{Floresta Aleat\363ria}{section.3.3}% 20
\BOOKMARK [0][-]{chapter.4}{Metodologia}{}% 21
\BOOKMARK [1][-]{section.4.1}{Estrutura\347\343o do Projeto}{chapter.4}% 22
\BOOKMARK [1][-]{section.4.2}{Composi\347\343o do Banco de Imagens}{chapter.4}% 23
\BOOKMARK [1][-]{section.4.3}{Algoritmo para Treinamento do Modelo}{chapter.4}% 24
\BOOKMARK [2][-]{subsection.4.3.1}{Est\341gio de pr\351-processamento}{section.4.3}% 25
\BOOKMARK [2][-]{subsection.4.3.2}{Est\341gio de extra\347\343o de atributos}{section.4.3}% 26
\BOOKMARK [2][-]{subsection.4.3.3}{Est\341gio de treinamento do modelo classificador e testes de predi\347\343o}{section.4.3}% 27
\BOOKMARK [0][-]{chapter.5}{Resultados e Discuss\343o}{}% 28
\BOOKMARK [1][-]{section.5.1}{Classifica\347\343o das Tipografias}{chapter.5}% 29
\BOOKMARK [2][-]{subsection.5.1.1}{Utilizando Support Vector Machine}{section.5.1}% 30
\BOOKMARK [2][-]{subsection.5.1.2}{Utilizando Floresta Aleat\363ria}{section.5.1}% 31
\BOOKMARK [0][-]{chapter.6}{Conclus\343o}{}% 32
\BOOKMARK [0][-]{section*.43}{REFER\312NCIAS BIBLIOGR\301FICAS}{}% 33
